<?xml version="1.0" encoding="UTF-8"?>
<!-- Generated by org.testng.reporters.JUnitReportReporter -->
<testsuite hostname="ojt18-PC" name="DriverFactory.DriverScript" tests="1" failures="0" timestamp="10 Jan 2020 09:40:06 GMT" time="39.980" errors="0">
  <testcase name="ERP_Account" time="39.980" classname="DriverFactory.DriverScript"/>
</testsuite> <!-- DriverFactory.DriverScript -->
